[1.826s] Invoking command in '/home/ros/rosamathe_ws/src/project_turtlebot': PYTHONPATH=/home/ros/rosamathe_ws/src/project_turtlebot/build/project_turtlebot/prefix_override:/home/ros/rosamathe_ws/src/project_turtlebot/install/project_turtlebot/lib/python3.8/site-packages:${PYTHONPATH} /usr/bin/python3 setup.py egg_info --egg-base build/project_turtlebot build --build-base /home/ros/rosamathe_ws/src/project_turtlebot/build/project_turtlebot/build install --record /home/ros/rosamathe_ws/src/project_turtlebot/build/project_turtlebot/install.log --install-scripts $base/lib/project_turtlebot --single-version-externally-managed
[2.138s] running egg_info
[2.140s] creating build/project_turtlebot/project_turtlebot.egg-info
[2.140s] writing build/project_turtlebot/project_turtlebot.egg-info/PKG-INFO
[2.141s] writing dependency_links to build/project_turtlebot/project_turtlebot.egg-info/dependency_links.txt
[2.141s] writing entry points to build/project_turtlebot/project_turtlebot.egg-info/entry_points.txt
[2.141s] writing requirements to build/project_turtlebot/project_turtlebot.egg-info/requires.txt
[2.141s] writing top-level names to build/project_turtlebot/project_turtlebot.egg-info/top_level.txt
[2.161s] writing manifest file 'build/project_turtlebot/project_turtlebot.egg-info/SOURCES.txt'
[2.201s] reading manifest file 'build/project_turtlebot/project_turtlebot.egg-info/SOURCES.txt'
[2.202s] writing manifest file 'build/project_turtlebot/project_turtlebot.egg-info/SOURCES.txt'
[2.202s] running build
[2.202s] running build_py
[2.203s] creating /home/ros/rosamathe_ws/src/project_turtlebot/build/project_turtlebot/build
[2.203s] creating /home/ros/rosamathe_ws/src/project_turtlebot/build/project_turtlebot/build/lib
[2.203s] creating /home/ros/rosamathe_ws/src/project_turtlebot/build/project_turtlebot/build/lib/project_turtlebot
[2.203s] copying project_turtlebot/node_project_turtlebot.py -> /home/ros/rosamathe_ws/src/project_turtlebot/build/project_turtlebot/build/lib/project_turtlebot
[2.203s] copying project_turtlebot/__init__.py -> /home/ros/rosamathe_ws/src/project_turtlebot/build/project_turtlebot/build/lib/project_turtlebot
[2.203s] running install
[2.205s] running install_lib
[2.207s] creating /home/ros/rosamathe_ws/src/project_turtlebot/install/project_turtlebot/lib/python3.8/site-packages/project_turtlebot
[2.208s] copying /home/ros/rosamathe_ws/src/project_turtlebot/build/project_turtlebot/build/lib/project_turtlebot/node_project_turtlebot.py -> /home/ros/rosamathe_ws/src/project_turtlebot/install/project_turtlebot/lib/python3.8/site-packages/project_turtlebot
[2.208s] copying /home/ros/rosamathe_ws/src/project_turtlebot/build/project_turtlebot/build/lib/project_turtlebot/__init__.py -> /home/ros/rosamathe_ws/src/project_turtlebot/install/project_turtlebot/lib/python3.8/site-packages/project_turtlebot
[2.209s] byte-compiling /home/ros/rosamathe_ws/src/project_turtlebot/install/project_turtlebot/lib/python3.8/site-packages/project_turtlebot/node_project_turtlebot.py to node_project_turtlebot.cpython-38.pyc
[2.212s] byte-compiling /home/ros/rosamathe_ws/src/project_turtlebot/install/project_turtlebot/lib/python3.8/site-packages/project_turtlebot/__init__.py to __init__.cpython-38.pyc
[2.212s] running install_data
[2.212s] creating /home/ros/rosamathe_ws/src/project_turtlebot/install/project_turtlebot/share/ament_index
[2.212s] creating /home/ros/rosamathe_ws/src/project_turtlebot/install/project_turtlebot/share/ament_index/resource_index
[2.213s] creating /home/ros/rosamathe_ws/src/project_turtlebot/install/project_turtlebot/share/ament_index/resource_index/packages
[2.213s] copying resource/project_turtlebot -> /home/ros/rosamathe_ws/src/project_turtlebot/install/project_turtlebot/share/ament_index/resource_index/packages
[2.213s] copying package.xml -> /home/ros/rosamathe_ws/src/project_turtlebot/install/project_turtlebot/share/project_turtlebot
[2.213s] running install_egg_info
[2.214s] Copying build/project_turtlebot/project_turtlebot.egg-info to /home/ros/rosamathe_ws/src/project_turtlebot/install/project_turtlebot/lib/python3.8/site-packages/project_turtlebot-0.0.0-py3.8.egg-info
[2.215s] running install_scripts
[2.239s] Installing talker script to /home/ros/rosamathe_ws/src/project_turtlebot/install/project_turtlebot/lib/project_turtlebot
[2.240s] writing list of installed files to '/home/ros/rosamathe_ws/src/project_turtlebot/build/project_turtlebot/install.log'
[2.271s] Invoked command in '/home/ros/rosamathe_ws/src/project_turtlebot' returned '0': PYTHONPATH=/home/ros/rosamathe_ws/src/project_turtlebot/build/project_turtlebot/prefix_override:/home/ros/rosamathe_ws/src/project_turtlebot/install/project_turtlebot/lib/python3.8/site-packages:${PYTHONPATH} /usr/bin/python3 setup.py egg_info --egg-base build/project_turtlebot build --build-base /home/ros/rosamathe_ws/src/project_turtlebot/build/project_turtlebot/build install --record /home/ros/rosamathe_ws/src/project_turtlebot/build/project_turtlebot/install.log --install-scripts $base/lib/project_turtlebot --single-version-externally-managed
