running egg_info
writing build/project_turtlebot/project_turtlebot.egg-info/PKG-INFO
writing dependency_links to build/project_turtlebot/project_turtlebot.egg-info/dependency_links.txt
writing entry points to build/project_turtlebot/project_turtlebot.egg-info/entry_points.txt
writing requirements to build/project_turtlebot/project_turtlebot.egg-info/requires.txt
writing top-level names to build/project_turtlebot/project_turtlebot.egg-info/top_level.txt
reading manifest file 'build/project_turtlebot/project_turtlebot.egg-info/SOURCES.txt'
writing manifest file 'build/project_turtlebot/project_turtlebot.egg-info/SOURCES.txt'
running build
running build_py
copying project_turtlebot/node_project_turtlebot.py -> /home/ros/rosamathe_ws/src/project_turtlebot/build/project_turtlebot/build/lib/project_turtlebot
running install
running install_lib
copying /home/ros/rosamathe_ws/src/project_turtlebot/build/project_turtlebot/build/lib/project_turtlebot/node_project_turtlebot.py -> /home/ros/rosamathe_ws/src/project_turtlebot/install/project_turtlebot/lib/python3.8/site-packages/project_turtlebot
byte-compiling /home/ros/rosamathe_ws/src/project_turtlebot/install/project_turtlebot/lib/python3.8/site-packages/project_turtlebot/node_project_turtlebot.py to node_project_turtlebot.cpython-38.pyc
running install_data
running install_egg_info
removing '/home/ros/rosamathe_ws/src/project_turtlebot/install/project_turtlebot/lib/python3.8/site-packages/project_turtlebot-0.0.0-py3.8.egg-info' (and everything under it)
Copying build/project_turtlebot/project_turtlebot.egg-info to /home/ros/rosamathe_ws/src/project_turtlebot/install/project_turtlebot/lib/python3.8/site-packages/project_turtlebot-0.0.0-py3.8.egg-info
running install_scripts
Installing talker script to /home/ros/rosamathe_ws/src/project_turtlebot/install/project_turtlebot/lib/project_turtlebot
writing list of installed files to '/home/ros/rosamathe_ws/src/project_turtlebot/build/project_turtlebot/install.log'
