[1.210s] Invoking command in '/home/ros/rosamathe_ws/src/project_turtlebot': PYTHONPATH=/home/ros/rosamathe_ws/src/project_turtlebot/build/project_turtlebot/prefix_override:/home/ros/rosamathe_ws/src/project_turtlebot/install/project_turtlebot/lib/python3.8/site-packages:${PYTHONPATH} /usr/bin/python3 setup.py egg_info --egg-base build/project_turtlebot build --build-base /home/ros/rosamathe_ws/src/project_turtlebot/build/project_turtlebot/build install --record /home/ros/rosamathe_ws/src/project_turtlebot/build/project_turtlebot/install.log --install-scripts $base/lib/project_turtlebot --single-version-externally-managed
[1.460s] running egg_info
[1.461s] writing build/project_turtlebot/project_turtlebot.egg-info/PKG-INFO
[1.461s] writing dependency_links to build/project_turtlebot/project_turtlebot.egg-info/dependency_links.txt
[1.461s] writing entry points to build/project_turtlebot/project_turtlebot.egg-info/entry_points.txt
[1.461s] writing requirements to build/project_turtlebot/project_turtlebot.egg-info/requires.txt
[1.462s] writing top-level names to build/project_turtlebot/project_turtlebot.egg-info/top_level.txt
[1.498s] reading manifest file 'build/project_turtlebot/project_turtlebot.egg-info/SOURCES.txt'
[1.499s] writing manifest file 'build/project_turtlebot/project_turtlebot.egg-info/SOURCES.txt'
[1.499s] running build
[1.499s] running build_py
[1.499s] copying project_turtlebot/node_project_turtlebot.py -> /home/ros/rosamathe_ws/src/project_turtlebot/build/project_turtlebot/build/lib/project_turtlebot
[1.500s] running install
[1.501s] running install_lib
[1.502s] copying /home/ros/rosamathe_ws/src/project_turtlebot/build/project_turtlebot/build/lib/project_turtlebot/node_project_turtlebot.py -> /home/ros/rosamathe_ws/src/project_turtlebot/install/project_turtlebot/lib/python3.8/site-packages/project_turtlebot
[1.503s] byte-compiling /home/ros/rosamathe_ws/src/project_turtlebot/install/project_turtlebot/lib/python3.8/site-packages/project_turtlebot/node_project_turtlebot.py to node_project_turtlebot.cpython-38.pyc
[1.507s] running install_data
[1.507s] running install_egg_info
[1.509s] removing '/home/ros/rosamathe_ws/src/project_turtlebot/install/project_turtlebot/lib/python3.8/site-packages/project_turtlebot-0.0.0-py3.8.egg-info' (and everything under it)
[1.510s] Copying build/project_turtlebot/project_turtlebot.egg-info to /home/ros/rosamathe_ws/src/project_turtlebot/install/project_turtlebot/lib/python3.8/site-packages/project_turtlebot-0.0.0-py3.8.egg-info
[1.511s] running install_scripts
[1.529s] Installing talker script to /home/ros/rosamathe_ws/src/project_turtlebot/install/project_turtlebot/lib/project_turtlebot
[1.530s] writing list of installed files to '/home/ros/rosamathe_ws/src/project_turtlebot/build/project_turtlebot/install.log'
[1.555s] Invoked command in '/home/ros/rosamathe_ws/src/project_turtlebot' returned '0': PYTHONPATH=/home/ros/rosamathe_ws/src/project_turtlebot/build/project_turtlebot/prefix_override:/home/ros/rosamathe_ws/src/project_turtlebot/install/project_turtlebot/lib/python3.8/site-packages:${PYTHONPATH} /usr/bin/python3 setup.py egg_info --egg-base build/project_turtlebot build --build-base /home/ros/rosamathe_ws/src/project_turtlebot/build/project_turtlebot/build install --record /home/ros/rosamathe_ws/src/project_turtlebot/build/project_turtlebot/install.log --install-scripts $base/lib/project_turtlebot --single-version-externally-managed
