[3.250s] DEBUG:colcon:Command line arguments: ['/usr/bin/colcon', 'build']
[3.251s] DEBUG:colcon:Parsed command line arguments: Namespace(allow_overriding=[], ament_cmake_args=None, base_paths=['.'], build_base='build', catkin_cmake_args=None, catkin_skip_building_tests=False, cmake_args=None, cmake_clean_cache=False, cmake_clean_first=False, cmake_force_configure=False, cmake_target=None, cmake_target_skip_unavailable=False, continue_on_error=False, event_handlers=None, executor='parallel', ignore_user_meta=False, install_base='install', log_base=None, log_level=None, main=<bound method BuildVerb.main of <colcon_core.verb.build.BuildVerb object at 0x7f690b0a0130>>, merge_install=False, metas=['./colcon.meta'], packages_above=None, packages_above_and_dependencies=None, packages_above_depth=None, packages_end=None, packages_ignore=None, packages_ignore_regex=None, packages_select=None, packages_select_build_failed=False, packages_select_by_dep=None, packages_select_regex=None, packages_select_test_failures=False, packages_skip=None, packages_skip_build_finished=False, packages_skip_by_dep=None, packages_skip_regex=None, packages_skip_test_passed=False, packages_skip_up_to=None, packages_start=None, packages_up_to=None, packages_up_to_regex=None, parallel_workers=4, paths=None, symlink_install=False, test_result_base=None, verb_extension=<colcon_core.verb.build.BuildVerb object at 0x7f690b0a0130>, verb_name='build', verb_parser=<colcon_defaults.argument_parser.defaults.DefaultArgumentsDecorator object at 0x7f690ac10f40>)
[3.403s] Level 1:colcon.colcon_core.package_discovery:discover_packages(colcon_meta) check parameters
[3.403s] Level 1:colcon.colcon_core.package_discovery:discover_packages(recursive) check parameters
[3.403s] Level 1:colcon.colcon_core.package_discovery:discover_packages(ignore) check parameters
[3.403s] Level 1:colcon.colcon_core.package_discovery:discover_packages(path) check parameters
[3.403s] Level 1:colcon.colcon_core.package_discovery:discover_packages(colcon_meta) discover
[3.404s] Level 1:colcon.colcon_core.package_discovery:discover_packages(recursive) discover
[3.404s] INFO:colcon.colcon_core.package_discovery:Crawling recursively for packages in '/home/ros/rosamathe_ws/src/project_turtlebot'
[3.404s] Level 1:colcon.colcon_core.package_identification:_identify(.) by extensions ['ignore', 'ignore_ament_install']
[3.404s] Level 1:colcon.colcon_core.package_identification:_identify(.) by extension 'ignore'
[3.404s] Level 1:colcon.colcon_core.package_identification:_identify(.) by extension 'ignore_ament_install'
[3.404s] Level 1:colcon.colcon_core.package_identification:_identify(.) by extensions ['colcon_pkg']
[3.404s] Level 1:colcon.colcon_core.package_identification:_identify(.) by extension 'colcon_pkg'
[3.404s] Level 1:colcon.colcon_core.package_identification:_identify(.) by extensions ['colcon_meta']
[3.404s] Level 1:colcon.colcon_core.package_identification:_identify(.) by extension 'colcon_meta'
[3.404s] Level 1:colcon.colcon_core.package_identification:_identify(.) by extensions ['ros']
[3.405s] Level 1:colcon.colcon_core.package_identification:_identify(.) by extension 'ros'
[3.425s] DEBUG:colcon.colcon_core.package_identification:Package '.' with type 'ros.ament_python' and name 'project_turtlebot'
[3.425s] Level 1:colcon.colcon_core.package_discovery:discover_packages(recursive) using defaults
[3.425s] Level 1:colcon.colcon_core.package_discovery:discover_packages(ignore) discover
[3.425s] Level 1:colcon.colcon_core.package_discovery:discover_packages(ignore) using defaults
[3.425s] Level 1:colcon.colcon_core.package_discovery:discover_packages(path) discover
[3.425s] Level 1:colcon.colcon_core.package_discovery:discover_packages(path) using defaults
[3.717s] Level 1:colcon.colcon_core.package_discovery:discover_packages(prefix_path) check parameters
[3.718s] Level 1:colcon.colcon_core.package_discovery:discover_packages(prefix_path) discover
[3.846s] DEBUG:colcon.colcon_installed_package_information.package_discovery:Found 3 installed packages in /home/ros/rosamathe_ws/install
[3.926s] DEBUG:colcon.colcon_installed_package_information.package_discovery:Found 256 installed packages in /opt/ros/foxy
[3.930s] Level 1:colcon.colcon_core.package_discovery:discover_packages(prefix_path) using defaults
[4.864s] Level 5:colcon.colcon_core.verb:set package 'project_turtlebot' build argument 'cmake_args' from command line to 'None'
[4.864s] Level 5:colcon.colcon_core.verb:set package 'project_turtlebot' build argument 'cmake_target' from command line to 'None'
[4.864s] Level 5:colcon.colcon_core.verb:set package 'project_turtlebot' build argument 'cmake_target_skip_unavailable' from command line to 'False'
[4.864s] Level 5:colcon.colcon_core.verb:set package 'project_turtlebot' build argument 'cmake_clean_cache' from command line to 'False'
[4.864s] Level 5:colcon.colcon_core.verb:set package 'project_turtlebot' build argument 'cmake_clean_first' from command line to 'False'
[4.864s] Level 5:colcon.colcon_core.verb:set package 'project_turtlebot' build argument 'cmake_force_configure' from command line to 'False'
[4.864s] Level 5:colcon.colcon_core.verb:set package 'project_turtlebot' build argument 'ament_cmake_args' from command line to 'None'
[4.864s] Level 5:colcon.colcon_core.verb:set package 'project_turtlebot' build argument 'catkin_cmake_args' from command line to 'None'
[4.864s] Level 5:colcon.colcon_core.verb:set package 'project_turtlebot' build argument 'catkin_skip_building_tests' from command line to 'False'
[4.864s] DEBUG:colcon.colcon_core.verb:Building package 'project_turtlebot' with the following arguments: {'ament_cmake_args': None, 'build_base': '/home/ros/rosamathe_ws/src/project_turtlebot/build/project_turtlebot', 'catkin_cmake_args': None, 'catkin_skip_building_tests': False, 'cmake_args': None, 'cmake_clean_cache': False, 'cmake_clean_first': False, 'cmake_force_configure': False, 'cmake_target': None, 'cmake_target_skip_unavailable': False, 'install_base': '/home/ros/rosamathe_ws/src/project_turtlebot/install/project_turtlebot', 'merge_install': False, 'path': '/home/ros/rosamathe_ws/src/project_turtlebot', 'symlink_install': False, 'test_result_base': None}
[4.919s] INFO:colcon.colcon_core.executor:Executing jobs using 'parallel' executor
[4.977s] DEBUG:colcon.colcon_parallel_executor.executor.parallel:run_until_complete
[4.977s] INFO:colcon.colcon_ros.task.ament_python.build:Building ROS package in '/home/ros/rosamathe_ws/src/project_turtlebot' with build type 'ament_python'
[4.978s] Level 1:colcon.colcon_core.shell:create_environment_hook('project_turtlebot', 'ament_prefix_path')
[5.082s] INFO:colcon.colcon_core.plugin_system:Skipping extension 'colcon_core.shell.bat': Not used on non-Windows systems
[5.082s] INFO:colcon.colcon_core.shell:Creating environment hook '/home/ros/rosamathe_ws/src/project_turtlebot/install/project_turtlebot/share/project_turtlebot/hook/ament_prefix_path.ps1'
[5.104s] INFO:colcon.colcon_core.shell:Creating environment descriptor '/home/ros/rosamathe_ws/src/project_turtlebot/install/project_turtlebot/share/project_turtlebot/hook/ament_prefix_path.dsv'
[5.107s] INFO:colcon.colcon_core.shell:Creating environment hook '/home/ros/rosamathe_ws/src/project_turtlebot/install/project_turtlebot/share/project_turtlebot/hook/ament_prefix_path.sh'
[5.160s] INFO:colcon.colcon_core.shell:Skip shell extension 'powershell' for command environment: Not usable outside of PowerShell
[5.160s] DEBUG:colcon.colcon_core.shell:Skip shell extension 'dsv' for command environment
[5.676s] INFO:colcon.colcon_core.task.python.build:Building Python package in '/home/ros/rosamathe_ws/src/project_turtlebot'
[5.738s] INFO:colcon.colcon_core.shell:Skip shell extension 'powershell' for command environment: Not usable outside of PowerShell
[5.738s] DEBUG:colcon.colcon_core.shell:Skip shell extension 'dsv' for command environment
[6.804s] DEBUG:colcon.colcon_core.event_handler.log_command:Invoking command in '/home/ros/rosamathe_ws/src/project_turtlebot': PYTHONPATH=/home/ros/rosamathe_ws/src/project_turtlebot/build/project_turtlebot/prefix_override:/home/ros/rosamathe_ws/src/project_turtlebot/install/project_turtlebot/lib/python3.8/site-packages:${PYTHONPATH} /usr/bin/python3 setup.py egg_info --egg-base build/project_turtlebot build --build-base /home/ros/rosamathe_ws/src/project_turtlebot/build/project_turtlebot/build install --record /home/ros/rosamathe_ws/src/project_turtlebot/build/project_turtlebot/install.log --install-scripts $base/lib/project_turtlebot --single-version-externally-managed
[7.249s] DEBUG:colcon.colcon_core.event_handler.log_command:Invoked command in '/home/ros/rosamathe_ws/src/project_turtlebot' returned '0': PYTHONPATH=/home/ros/rosamathe_ws/src/project_turtlebot/build/project_turtlebot/prefix_override:/home/ros/rosamathe_ws/src/project_turtlebot/install/project_turtlebot/lib/python3.8/site-packages:${PYTHONPATH} /usr/bin/python3 setup.py egg_info --egg-base build/project_turtlebot build --build-base /home/ros/rosamathe_ws/src/project_turtlebot/build/project_turtlebot/build install --record /home/ros/rosamathe_ws/src/project_turtlebot/build/project_turtlebot/install.log --install-scripts $base/lib/project_turtlebot --single-version-externally-managed
[7.327s] Level 1:colcon.colcon_core.environment:checking '/home/ros/rosamathe_ws/src/project_turtlebot/install/project_turtlebot' for CMake module files
[7.328s] Level 1:colcon.colcon_core.environment:checking '/home/ros/rosamathe_ws/src/project_turtlebot/install/project_turtlebot' for CMake config files
[7.328s] Level 1:colcon.colcon_core.environment:checking '/home/ros/rosamathe_ws/src/project_turtlebot/install/project_turtlebot/lib'
[7.329s] Level 1:colcon.colcon_core.environment:checking '/home/ros/rosamathe_ws/src/project_turtlebot/install/project_turtlebot/bin'
[7.329s] Level 1:colcon.colcon_core.environment:checking '/home/ros/rosamathe_ws/src/project_turtlebot/install/project_turtlebot/lib/pkgconfig/project_turtlebot.pc'
[7.329s] Level 1:colcon.colcon_core.environment:checking '/home/ros/rosamathe_ws/src/project_turtlebot/install/project_turtlebot/lib/python3.8/site-packages'
[7.329s] Level 1:colcon.colcon_core.shell:create_environment_hook('project_turtlebot', 'pythonpath')
[7.386s] INFO:colcon.colcon_core.shell:Creating environment hook '/home/ros/rosamathe_ws/src/project_turtlebot/install/project_turtlebot/share/project_turtlebot/hook/pythonpath.ps1'
[7.387s] INFO:colcon.colcon_core.shell:Creating environment descriptor '/home/ros/rosamathe_ws/src/project_turtlebot/install/project_turtlebot/share/project_turtlebot/hook/pythonpath.dsv'
[7.387s] INFO:colcon.colcon_core.shell:Creating environment hook '/home/ros/rosamathe_ws/src/project_turtlebot/install/project_turtlebot/share/project_turtlebot/hook/pythonpath.sh'
[7.388s] Level 1:colcon.colcon_core.environment:checking '/home/ros/rosamathe_ws/src/project_turtlebot/install/project_turtlebot/bin'
[7.389s] Level 1:colcon.colcon_core.environment:create_environment_scripts_only(project_turtlebot)
[7.443s] INFO:colcon.colcon_core.shell:Creating package script '/home/ros/rosamathe_ws/src/project_turtlebot/install/project_turtlebot/share/project_turtlebot/package.ps1'
[7.461s] INFO:colcon.colcon_core.shell:Creating package descriptor '/home/ros/rosamathe_ws/src/project_turtlebot/install/project_turtlebot/share/project_turtlebot/package.dsv'
[7.465s] INFO:colcon.colcon_core.shell:Creating package script '/home/ros/rosamathe_ws/src/project_turtlebot/install/project_turtlebot/share/project_turtlebot/package.sh'
[7.466s] INFO:colcon.colcon_core.shell:Creating package script '/home/ros/rosamathe_ws/src/project_turtlebot/install/project_turtlebot/share/project_turtlebot/package.bash'
[7.468s] INFO:colcon.colcon_core.shell:Creating package script '/home/ros/rosamathe_ws/src/project_turtlebot/install/project_turtlebot/share/project_turtlebot/package.zsh'
[7.471s] Level 1:colcon.colcon_core.environment:create_file_with_runtime_dependencies(/home/ros/rosamathe_ws/src/project_turtlebot/install/project_turtlebot/share/colcon-core/packages/project_turtlebot)
[7.472s] DEBUG:colcon.colcon_parallel_executor.executor.parallel:closing loop
[7.472s] DEBUG:colcon.colcon_parallel_executor.executor.parallel:loop closed
[7.473s] DEBUG:colcon.colcon_parallel_executor.executor.parallel:run_until_complete finished with '0'
[7.473s] DEBUG:colcon.colcon_core.event_reactor:joining thread
[7.542s] INFO:colcon.colcon_core.plugin_system:Skipping extension 'colcon_notification.desktop_notification.terminal_notifier': Not used on non-Darwin systems
[7.542s] INFO:colcon.colcon_core.plugin_system:Skipping extension 'colcon_notification.desktop_notification.win32': Not used on non-Windows systems
[7.542s] INFO:colcon.colcon_notification.desktop_notification:Sending desktop notification using 'notify2'
[7.572s] DEBUG:colcon.colcon_core.event_reactor:joined thread
[7.645s] INFO:colcon.colcon_core.shell:Creating prefix script '/home/ros/rosamathe_ws/src/project_turtlebot/install/local_setup.ps1'
[7.646s] INFO:colcon.colcon_core.shell:Creating prefix util module '/home/ros/rosamathe_ws/src/project_turtlebot/install/_local_setup_util_ps1.py'
[7.648s] INFO:colcon.colcon_core.shell:Creating prefix chain script '/home/ros/rosamathe_ws/src/project_turtlebot/install/setup.ps1'
[7.714s] INFO:colcon.colcon_core.shell:Creating prefix script '/home/ros/rosamathe_ws/src/project_turtlebot/install/local_setup.sh'
[7.714s] INFO:colcon.colcon_core.shell:Creating prefix util module '/home/ros/rosamathe_ws/src/project_turtlebot/install/_local_setup_util_sh.py'
[7.715s] INFO:colcon.colcon_core.shell:Creating prefix chain script '/home/ros/rosamathe_ws/src/project_turtlebot/install/setup.sh'
[7.781s] INFO:colcon.colcon_core.shell:Creating prefix script '/home/ros/rosamathe_ws/src/project_turtlebot/install/local_setup.bash'
[7.782s] INFO:colcon.colcon_core.shell:Creating prefix chain script '/home/ros/rosamathe_ws/src/project_turtlebot/install/setup.bash'
[7.839s] INFO:colcon.colcon_core.shell:Creating prefix script '/home/ros/rosamathe_ws/src/project_turtlebot/install/local_setup.zsh'
[7.840s] INFO:colcon.colcon_core.shell:Creating prefix chain script '/home/ros/rosamathe_ws/src/project_turtlebot/install/setup.zsh'
